<?xml version="1.0" encoding="UTF-8"?>
<testng-results skipped="0" failed="0" ignored="0" total="1" passed="1">
  <reporter-output>
  </reporter-output>
  <suite name="Default suite" duration-ms="28752" started-at="2018-12-27T01:11:05Z" finished-at="2018-12-27T01:11:34Z">
    <groups>
    </groups>
    <test name="Default test" duration-ms="28752" started-at="2018-12-27T01:11:05Z" finished-at="2018-12-27T01:11:34Z">
      <class name="TestCalcPkg.CalculatorTest">
        <test-method status="PASS" signature="setUp()[pri:0, instance:TestCalcPkg.CalculatorTest@18be83e4]" name="setUp" is-config="true" duration-ms="13697" started-at="2018-12-27T01:11:05Z" finished-at="2018-12-27T01:11:19Z">
          <reporter-output>
          </reporter-output>
        </test-method> <!-- setUp -->
        <test-method status="PASS" signature="testCal()[pri:0, instance:TestCalcPkg.CalculatorTest@18be83e4]" name="testCal" duration-ms="11930" started-at="2018-12-27T01:11:19Z" finished-at="2018-12-27T01:11:31Z">
          <reporter-output>
          </reporter-output>
        </test-method> <!-- testCal -->
        <test-method status="PASS" signature="teardown()[pri:0, instance:TestCalcPkg.CalculatorTest@18be83e4]" name="teardown" is-config="true" duration-ms="3078" started-at="2018-12-27T01:11:31Z" finished-at="2018-12-27T01:11:34Z">
          <reporter-output>
          </reporter-output>
        </test-method> <!-- teardown -->
      </class> <!-- TestCalcPkg.CalculatorTest -->
    </test> <!-- Default test -->
  </suite> <!-- Default suite -->
</testng-results>
